<?xml version="1.0" encoding="UTF-8"?>
<!-- Generated by org.testng.reporters.JUnitReportReporter -->
<testsuite hostname="ashutosh" failures="0" tests="1" name="testScript1.ByParameterData" time="8.871" errors="0" timestamp="2024-02-14T21:26:15 IST" skipped="0">
  <testcase classname="testScript1.ByParameterData" name="byParameterMethod" time="8.871"/>
  <system-out>
    <![CDATA[This is home page of application
we are navigated to purchage page]]>
  </system-out>
</testsuite> <!-- testScript1.ByParameterData -->
