<?xml version="1.0" encoding="UTF-8"?>
<!-- Generated by org.testng.reporters.JUnitReportReporter -->
<testsuite hostname="ashutosh" failures="0" tests="1" name="testScript1.Blaze" time="10.357" errors="0" timestamp="2024-02-14T21:25:23 IST" skipped="0">
  <testcase classname="testScript1.Blaze" name="getBlazeMethod" time="10.357"/>
  <system-out>
    <![CDATA[This is home page of application
we are navigated to purchage page]]>
  </system-out>
</testsuite> <!-- testScript1.Blaze -->
